<?xml version="1.0" encoding="UTF-8"?>
<!-- Generated by org.testng.reporters.JUnitXMLReporter -->
<testsuite ignored="0" hostname="RajatShrotriya" failures="0" tests="12" name="Test" time="0.369" errors="0" timestamp="2023-10-07T20:38:37 IST">
  <testcase classname="day37.ParellelTest" name="@BeforeClass setup" time="-1.696691317573E9">
    <failure type="org.testng.TestNGException" message="
Parameter &amp;apos;browser&amp;apos; is required by BeforeClass on method setup but has not been marked @Optional or defined
in R:\newgitrepo\Seleniumproject\src\test\java\day36\testng.xml">
      <![CDATA[org.testng.TestNGException: 
Parameter 'browser' is required by BeforeClass on method setup but has not been marked @Optional or defined
in R:\newgitrepo\Seleniumproject\src\test\java\day36\testng.xml
at java.base/java.util.ArrayList.forEach(ArrayList.java:1511)
... Removed 22 stack frames]]>
    </failure>
  </testcase> <!-- @BeforeClass setup -->
  <testcase classname="day37.ParellelTest" name="@AfterClass closeapp" time="0.0">
    <skipped/>
  </testcase> <!-- @AfterClass closeapp -->
  <testcase classname="day37.Invocationcount" name="test" time="0.018"/>
  <testcase classname="day37.Invocationcount" name="test" time="0.007"/>
  <testcase classname="day37.Invocationcount" name="test" time="0.006"/>
  <testcase classname="day37.Invocationcount" name="test" time="0.005"/>
  <testcase classname="day37.Invocationcount" name="test" time="0.018"/>
  <testcase classname="day37.Invocationcount" name="test" time="0.011"/>
  <testcase classname="day37.Invocationcount" name="test" time="0.013"/>
  <testcase classname="day37.Invocationcount" name="test" time="0.005"/>
  <testcase classname="day37.Invocationcount" name="test" time="0.01"/>
  <testcase classname="day37.Invocationcount" name="test" time="0.002"/>
  <testcase classname="day37.ParellelTest" name="testLogo" time="0.001">
    <skipped/>
  </testcase> <!-- testLogo -->
  <testcase classname="day37.ParellelTest" name="testhomepage" time="0.0">
    <skipped/>
  </testcase> <!-- testhomepage -->
</testsuite> <!-- Test -->
