<?xml version="1.0" encoding="UTF-8"?>
<!-- Generated by org.testng.reporters.JUnitXMLReporter -->
<testsuite ignored="0" hostname="RajatShrotriya" failures="0" tests="6" name="   Alerts_test" time="18.197" errors="0" timestamp="2022-07-24T22:31:00 IST">
  <testcase classname="testingbaba_test.Alerts_test" name="clickonAlertsframe" time="2.185"/>
  <testcase classname="testingbaba_test.Alerts_test" name="clickonalerts" time="0.068"/>
  <testcase classname="testingbaba_test.Alerts_test" name="clickonmyalerts" time="0.287"/>
  <testcase classname="testingbaba_test.Alerts_test" name="clickonmyalerts1" time="5.336"/>
  <testcase classname="testingbaba_test.Alerts_test" name="clickonmyalerts2" time="0.374"/>
  <testcase classname="testingbaba_test.Alerts_test" name="clickonmyalerts3" time="2.149"/>
</testsuite> <!--    Alerts_test -->
