<?xml version="1.0" encoding="UTF-8"?>
<!-- Generated by org.testng.reporters.JUnitXMLReporter -->
<testsuite ignored="0" hostname="RajatShrotriya" failures="0" tests="3" name="   Upload_test" time="9.706" errors="0" timestamp="2022-07-25T00:13:40 IST">
  <testcase classname="testingbaba_test.Upload_test" name="clickonelements" time="0.268"/>
  <testcase classname="testingbaba_test.Upload_test" name="clickonuploadanddownload" time="0.366"/>
  <testcase classname="testingbaba_test.Upload_test" name="clickonslectfile" time="0.906"/>
</testsuite> <!--    Upload_test -->
