<?xml version="1.0" encoding="UTF-8"?>
<!-- Generated by org.testng.reporters.JUnitXMLReporter -->
<testsuite ignored="0" hostname="INN14U-RT698" failures="0" tests="5" name="   Button_test" time="16.904" errors="0" timestamp="2022-07-04T18:09:45 IST">
  <testcase classname="testingbaba_test.Button_test" name="clickonelements" time="0.104"/>
  <testcase classname="testingbaba_test.Button_test" name="clickonebutton" time="0.375"/>
  <testcase classname="testingbaba_test.Button_test" name="performdobuleclick" time="0.21"/>
  <testcase classname="testingbaba_test.Button_test" name="performrightclick" time="0.216"/>
  <testcase classname="testingbaba_test.Button_test" name="getverify" time="0.284"/>
</testsuite> <!--    Button_test -->
