<?xml version="1.0" encoding="UTF-8"?>
<!-- Generated by org.testng.reporters.JUnitXMLReporter -->
<testsuite ignored="0" hostname="INN14U-RT698" failures="0" tests="3" name="   Links_test" time="63.997" errors="0" timestamp="2022-07-05T22:36:27 IST">
  <testcase classname="testingbaba_test.Links_test" name="clickonelements" time="0.06"/>
  <testcase classname="testingbaba_test.Links_test" name="clickonlinks" time="11.112"/>
  <testcase classname="testingbaba_test.Links_test" name="clickondemopagelink" time="10.062"/>
</testsuite> <!--    Links_test -->
