<?xml version="1.0" encoding="UTF-8"?>
<!-- Generated by org.testng.reporters.JUnitXMLReporter -->
<testsuite ignored="0" hostname="RajatShrotriya" failures="0" tests="3" name="Mousehover" time="64.175" errors="0" timestamp="2022-12-05T14:20:35 IST">
  <testcase classname="testingbaba_test.Mousehover" name="clickonwidgets" time="2.159"/>
  <testcase classname="testingbaba_test.Mousehover" name="clickontooltips" time="2.129"/>
  <testcase classname="testingbaba_test.Mousehover" name="clickonmousehover" time="0.228"/>
</testsuite> <!-- Mousehover -->
