<?xml version="1.0" encoding="UTF-8"?>
<!-- Generated by org.testng.reporters.JUnitXMLReporter -->
<testsuite ignored="0" hostname="RajatShrotriya" failures="1" tests="4" name="Tabs" time="63.425" errors="0" timestamp="2023-05-22T14:38:50 IST">
  <testcase classname="testingbaba_test.Tabs_test" name="clickonwidgwts" time="0.214"/>
  <testcase classname="testingbaba_test.Tabs_test" name="clickontab" time="0.087"/>
  <testcase classname="testingbaba_test.Tabs_test" name="clickontab1" time="0.129"/>
  <testcase classname="testingbaba_test.Tabs_test" name="clickontab2" time="0.113">
    <failure type="java.lang.AssertionError" message="expected [The precise nature of your messages matter. Whether in speeches, ads or written communication, the tone of your messages, the way they engage your audience, and the benefits they bring to life all have a big impact. Even the choice of specific words makes a difference.] but found []">
      <![CDATA[java.lang.AssertionError: expected [The precise nature of your messages matter. Whether in speeches, ads or written communication, the tone of your messages, the way they engage your audience, and the benefits they bring to life all have a big impact. Even the choice of specific words makes a difference.] but found []
at testingbaba_pages.Tabs_page.clickontab2(Tabs_page.java:64)
at testingbaba_test.Tabs_test.clickontab2(Tabs_test.java:43)
at java.base/java.util.ArrayList.forEach(ArrayList.java:1511)
... Removed 33 stack frames]]>
    </failure>
  </testcase> <!-- clickontab2 -->
</testsuite> <!-- Tabs -->
