<?xml version="1.0" encoding="UTF-8"?>
<!-- Generated by org.testng.reporters.JUnitXMLReporter -->
<testsuite ignored="0" hostname="INN14U-RT698" failures="0" tests="5" name="   Webtable_test" time="25.337" errors="0" timestamp="2022-07-02T15:30:27 IST">
  <testcase classname="testingbaba_test.Webtable_test" name="clickonelements" time="2.112"/>
  <testcase classname="testingbaba_test.Webtable_test" name="clickonwebtables" time="0.101"/>
  <testcase classname="testingbaba_test.Webtable_test" name="detailsfill" time="5.307"/>
  <testcase classname="testingbaba_test.Webtable_test" name="getverify" time="1.817"/>
  <testcase classname="testingbaba_test.Webtable_test" name="getupdate" time="5.14"/>
</testsuite> <!--    Webtable_test -->
