<?xml version="1.0" encoding="UTF-8"?>
<!-- Generated by org.testng.reporters.JUnitXMLReporter -->
<testsuite ignored="0" hostname="RajatShrotriya" failures="1" tests="2" name="myTest" time="19.172" errors="0" timestamp="2023-09-30T14:47:18 IST">
  <testcase classname="day37.ParellelTest" name="testLogo" time="1.164">
    <failure type="java.lang.AssertionError" message="expected [true] but found [false]">
      <![CDATA[java.lang.AssertionError: expected [true] but found [false]
at day37.ParellelTest.testLogo(ParellelTest.java:60)
at java.base/java.util.ArrayList.forEach(ArrayList.java:1511)
... Removed 34 stack frames]]>
    </failure>
  </testcase> <!-- testLogo -->
  <testcase classname="day37.ParellelTest" name="testhomepage" time="0.038"/>
</testsuite> <!-- myTest -->
