<?xml version="1.0" encoding="UTF-8"?>
<!-- Generated by org.testng.reporters.JUnitXMLReporter -->
<testsuite ignored="6" hostname="RajatShrotriya" failures="0" tests="3" name="my tests" time="0.117" errors="0" timestamp="2023-09-30T00:44:58 IST">
  <testcase classname="day36.Grouping" name="loginByFacebook" time="0.01"/>
  <testcase classname="day36.Grouping" name="loginByTwitter" time="0.001"/>
  <testcase classname="day36.Grouping" name="paymentinrupess" time="0.005"/>
  <testcase classname="day36.Grouping" name="signupByemail" time="0.0">
    <ignored/>
  </testcase> <!-- signupByemail -->
  <testcase classname="day36.Grouping" name="loginByEmail" time="0.0">
    <ignored/>
  </testcase> <!-- loginByEmail -->
  <testcase classname="day36.Grouping" name="paymentreturnbyBank" time="0.0">
    <ignored/>
  </testcase> <!-- paymentreturnbyBank -->
  <testcase classname="day36.Grouping" name="SignByFacebook" time="0.0">
    <ignored/>
  </testcase> <!-- SignByFacebook -->
  <testcase classname="day36.Grouping" name="paymentindollar" time="0.0">
    <ignored/>
  </testcase> <!-- paymentindollar -->
  <testcase classname="day36.Grouping" name="SignByTwitter" time="0.0">
    <ignored/>
  </testcase> <!-- SignByTwitter -->
</testsuite> <!-- my tests -->
